This file contains any messages produced by compilers while
running configure, to aid debugging if configure makes a mistake.

It was created by testf configure 0.1, which was
generated by GNU Autoconf 2.69.  Invocation command line was

  $ ./configure 

## --------- ##
## Platform. ##
## --------- ##

hostname = aurigadl
uname -m = x86_64
uname -r = 3.13.0-68-generic
uname -s = Linux
uname -v = #111-Ubuntu SMP Fri Nov 6 18:17:06 UTC 2015

/usr/bin/uname -p = unknown
/bin/uname -X     = unknown

/bin/arch              = unknown
/usr/bin/arch -k       = unknown
/usr/convex/getsysinfo = unknown
/usr/bin/hostinfo      = unknown
/bin/machine           = unknown
/usr/bin/oslevel       = unknown
/bin/universe          = unknown

PATH: /home/aurigadl/.composer/vendor/bin
PATH: /usr/local/sbin
PATH: /usr/local/bin
PATH: /usr/sbin
PATH: /usr/bin
PATH: /sbin
PATH: /bin
PATH: /usr/games
PATH: /usr/local/games


## ----------- ##
## Core tests. ##
## ----------- ##

configure:2075: checking for a BSD-compatible install
configure:2143: result: /usr/bin/install -c
configure:2154: checking whether build environment is sane
configure:2209: result: yes
configure:2360: checking for a thread-safe mkdir -p
configure:2399: result: /bin/mkdir -p
configure:2406: checking for gawk
configure:2422: found /usr/bin/gawk
configure:2433: result: gawk
configure:2444: checking whether make sets $(MAKE)
configure:2466: result: yes
configure:2495: checking whether make supports nested variables
configure:2512: result: yes
configure:2689: checking for gcc
configure:2705: found /usr/bin/gcc
configure:2716: result: gcc
configure:2945: checking for C compiler version
configure:2954: gcc --version >&5
gcc (Ubuntu 4.8.4-2ubuntu1~14.04) 4.8.4
Copyright (C) 2013 Free Software Foundation, Inc.
This is free software; see the source for copying conditions.  There is NO
warranty; not even for MERCHANTABILITY or FITNESS FOR A PARTICULAR PURPOSE.

configure:2965: $? = 0
configure:2954: gcc -v >&5
Using built-in specs.
COLLECT_GCC=gcc
COLLECT_LTO_WRAPPER=/usr/lib/gcc/x86_64-linux-gnu/4.8/lto-wrapper
Target: x86_64-linux-gnu
Configured with: ../src/configure -v --with-pkgversion='Ubuntu 4.8.4-2ubuntu1~14.04' --with-bugurl=file:///usr/share/doc/gcc-4.8/README.Bugs --enable-languages=c,c++,java,go,d,fortran,objc,obj-c++ --prefix=/usr --program-suffix=-4.8 --enable-shared --enable-linker-build-id --libexecdir=/usr/lib --without-included-gettext --enable-threads=posix --with-gxx-include-dir=/usr/include/c++/4.8 --libdir=/usr/lib --enable-nls --with-sysroot=/ --enable-clocale=gnu --enable-libstdcxx-debug --enable-libstdcxx-time=yes --enable-gnu-unique-object --disable-libmudflap --enable-plugin --with-system-zlib --disable-browser-plugin --enable-java-awt=gtk --enable-gtk-cairo --with-java-home=/usr/lib/jvm/java-1.5.0-gcj-4.8-amd64/jre --enable-java-home --with-jvm-root-dir=/usr/lib/jvm/java-1.5.0-gcj-4.8-amd64 --with-jvm-jar-dir=/usr/lib/jvm-exports/java-1.5.0-gcj-4.8-amd64 --with-arch-directory=amd64 --with-ecj-jar=/usr/share/java/eclipse-ecj.jar --enable-objc-gc --enable-multiarch --disable-werror --with-arch-32=i686 --with-abi=m64 --with-multilib-list=m32,m64,mx32 --with-tune=generic --enable-checking=release --build=x86_64-linux-gnu --host=x86_64-linux-gnu --target=x86_64-linux-gnu
Thread model: posix
gcc version 4.8.4 (Ubuntu 4.8.4-2ubuntu1~14.04) 
configure:2965: $? = 0
configure:2954: gcc -V >&5
gcc: error: unrecognized command line option '-V'
gcc: fatal error: no input files
compilation terminated.
configure:2965: $? = 4
configure:2954: gcc -qversion >&5
gcc: error: unrecognized command line option '-qversion'
gcc: fatal error: no input files
compilation terminated.
configure:2965: $? = 4
configure:2985: checking whether the C compiler works
configure:3007: gcc    conftest.c  >&5
configure:3011: $? = 0
configure:3059: result: yes
configure:3062: checking for C compiler default output file name
configure:3064: result: a.out
configure:3070: checking for suffix of executables
configure:3077: gcc -o conftest    conftest.c  >&5
configure:3081: $? = 0
configure:3103: result: 
configure:3125: checking whether we are cross compiling
configure:3133: gcc -o conftest    conftest.c  >&5
configure:3137: $? = 0
configure:3144: ./conftest
configure:3148: $? = 0
configure:3163: result: no
configure:3168: checking for suffix of object files
configure:3190: gcc -c   conftest.c >&5
configure:3194: $? = 0
configure:3215: result: o
configure:3219: checking whether we are using the GNU C compiler
configure:3238: gcc -c   conftest.c >&5
configure:3238: $? = 0
configure:3247: result: yes
configure:3256: checking whether gcc accepts -g
configure:3276: gcc -c -g  conftest.c >&5
configure:3276: $? = 0
configure:3317: result: yes
configure:3334: checking for gcc option to accept ISO C89
configure:3397: gcc  -c -g -O2  conftest.c >&5
configure:3397: $? = 0
configure:3410: result: none needed
configure:3435: checking whether gcc understands -c and -o together
configure:3457: gcc -c conftest.c -o conftest2.o
configure:3460: $? = 0
configure:3457: gcc -c conftest.c -o conftest2.o
configure:3460: $? = 0
configure:3472: result: yes
configure:3500: checking for style of include used by make
configure:3528: result: GNU
configure:3554: checking dependency style of gcc
configure:3665: result: gcc3
configure:3688: checking how to run the C preprocessor
configure:3719: gcc -E  conftest.c
configure:3719: $? = 0
configure:3733: gcc -E  conftest.c
conftest.c:11:28: fatal error: ac_nonexistent.h: No such file or directory
 #include <ac_nonexistent.h>
                            ^
compilation terminated.
configure:3733: $? = 1
configure: failed program was:
| /* confdefs.h */
| #define PACKAGE_NAME "testf"
| #define PACKAGE_TARNAME "testf"
| #define PACKAGE_VERSION "0.1"
| #define PACKAGE_STRING "testf 0.1"
| #define PACKAGE_BUGREPORT "aurigadl@gmail.com"
| #define PACKAGE_URL ""
| #define PACKAGE "testf"
| #define VERSION "0.1"
| /* end confdefs.h.  */
| #include <ac_nonexistent.h>
configure:3758: result: gcc -E
configure:3778: gcc -E  conftest.c
configure:3778: $? = 0
configure:3792: gcc -E  conftest.c
conftest.c:11:28: fatal error: ac_nonexistent.h: No such file or directory
 #include <ac_nonexistent.h>
                            ^
compilation terminated.
configure:3792: $? = 1
configure: failed program was:
| /* confdefs.h */
| #define PACKAGE_NAME "testf"
| #define PACKAGE_TARNAME "testf"
| #define PACKAGE_VERSION "0.1"
| #define PACKAGE_STRING "testf 0.1"
| #define PACKAGE_BUGREPORT "aurigadl@gmail.com"
| #define PACKAGE_URL ""
| #define PACKAGE "testf"
| #define VERSION "0.1"
| /* end confdefs.h.  */
| #include <ac_nonexistent.h>
configure:3821: checking for grep that handles long lines and -e
configure:3879: result: /bin/grep
configure:3884: checking for egrep
configure:3946: result: /bin/grep -E
configure:3951: checking for ANSI C header files
configure:3971: gcc -c -g -O2  conftest.c >&5
configure:3971: $? = 0
configure:4044: gcc -o conftest -g -O2   conftest.c  >&5
configure:4044: $? = 0
configure:4044: ./conftest
configure:4044: $? = 0
configure:4055: result: yes
configure:4068: checking for sys/types.h
configure:4068: gcc -c -g -O2  conftest.c >&5
configure:4068: $? = 0
configure:4068: result: yes
configure:4068: checking for sys/stat.h
configure:4068: gcc -c -g -O2  conftest.c >&5
configure:4068: $? = 0
configure:4068: result: yes
configure:4068: checking for stdlib.h
configure:4068: gcc -c -g -O2  conftest.c >&5
configure:4068: $? = 0
configure:4068: result: yes
configure:4068: checking for string.h
configure:4068: gcc -c -g -O2  conftest.c >&5
configure:4068: $? = 0
configure:4068: result: yes
configure:4068: checking for memory.h
configure:4068: gcc -c -g -O2  conftest.c >&5
configure:4068: $? = 0
configure:4068: result: yes
configure:4068: checking for strings.h
configure:4068: gcc -c -g -O2  conftest.c >&5
configure:4068: $? = 0
configure:4068: result: yes
configure:4068: checking for inttypes.h
configure:4068: gcc -c -g -O2  conftest.c >&5
configure:4068: $? = 0
configure:4068: result: yes
configure:4068: checking for stdint.h
configure:4068: gcc -c -g -O2  conftest.c >&5
configure:4068: $? = 0
configure:4068: result: yes
configure:4068: checking for unistd.h
configure:4068: gcc -c -g -O2  conftest.c >&5
configure:4068: $? = 0
configure:4068: result: yes
configure:4083: checking fcntl.h usability
configure:4083: gcc -c -g -O2  conftest.c >&5
configure:4083: $? = 0
configure:4083: result: yes
configure:4083: checking fcntl.h presence
configure:4083: gcc -E  conftest.c
configure:4083: $? = 0
configure:4083: result: yes
configure:4083: checking for fcntl.h
configure:4083: result: yes
configure:4083: checking for stdlib.h
configure:4083: result: yes
configure:4083: checking for string.h
configure:4083: result: yes
configure:4083: checking for unistd.h
configure:4083: result: yes
configure:4097: checking for stdlib.h
configure:4097: result: yes
configure:4107: checking for GNU libc compatible malloc
configure:4131: gcc -o conftest -g -O2   conftest.c  >&5
configure:4131: $? = 0
configure:4131: ./conftest
configure:4131: $? = 0
configure:4141: result: yes
configure:4273: checking that generated files are newer than configure
configure:4279: result: done
configure:4302: creating ./config.status

## ---------------------- ##
## Running config.status. ##
## ---------------------- ##

This file was extended by testf config.status 0.1, which was
generated by GNU Autoconf 2.69.  Invocation command line was

  CONFIG_FILES    = 
  CONFIG_HEADERS  = 
  CONFIG_LINKS    = 
  CONFIG_COMMANDS = 
  $ ./config.status 

on aurigadl

config.status:860: creating Makefile
config.status:860: creating doc/Makefile
config.status:860: creating src/Makefile
config.status:860: creating config.h
config.status:1041: config.h is unchanged
config.status:1089: executing depfiles commands

## ---------------- ##
## Cache variables. ##
## ---------------- ##

ac_cv_c_compiler_gnu=yes
ac_cv_env_CC_set=
ac_cv_env_CC_value=
ac_cv_env_CFLAGS_set=
ac_cv_env_CFLAGS_value=
ac_cv_env_CPPFLAGS_set=
ac_cv_env_CPPFLAGS_value=
ac_cv_env_CPP_set=
ac_cv_env_CPP_value=
ac_cv_env_LDFLAGS_set=
ac_cv_env_LDFLAGS_value=
ac_cv_env_LIBS_set=
ac_cv_env_LIBS_value=
ac_cv_env_build_alias_set=
ac_cv_env_build_alias_value=
ac_cv_env_host_alias_set=
ac_cv_env_host_alias_value=
ac_cv_env_target_alias_set=
ac_cv_env_target_alias_value=
ac_cv_func_malloc_0_nonnull=yes
ac_cv_header_fcntl_h=yes
ac_cv_header_inttypes_h=yes
ac_cv_header_memory_h=yes
ac_cv_header_stdc=yes
ac_cv_header_stdint_h=yes
ac_cv_header_stdlib_h=yes
ac_cv_header_string_h=yes
ac_cv_header_strings_h=yes
ac_cv_header_sys_stat_h=yes
ac_cv_header_sys_types_h=yes
ac_cv_header_unistd_h=yes
ac_cv_objext=o
ac_cv_path_EGREP='/bin/grep -E'
ac_cv_path_GREP=/bin/grep
ac_cv_path_install='/usr/bin/install -c'
ac_cv_path_mkdir=/bin/mkdir
ac_cv_prog_AWK=gawk
ac_cv_prog_CPP='gcc -E'
ac_cv_prog_ac_ct_CC=gcc
ac_cv_prog_cc_c89=
ac_cv_prog_cc_g=yes
ac_cv_prog_make_make_set=yes
am_cv_CC_dependencies_compiler_type=gcc3
am_cv_make_support_nested_variables=yes
am_cv_prog_cc_c_o=yes

## ----------------- ##
## Output variables. ##
## ----------------- ##

ACLOCAL='${SHELL} /home/aurigadl/ownCloud/maestria/semestre5b/pec2/paquete/missing aclocal-1.14'
AMDEPBACKSLASH='\'
AMDEP_FALSE='#'
AMDEP_TRUE=''
AMTAR='$${TAR-tar}'
AM_BACKSLASH='\'
AM_DEFAULT_V='$(AM_DEFAULT_VERBOSITY)'
AM_DEFAULT_VERBOSITY='1'
AM_V='$(V)'
AUTOCONF='${SHELL} /home/aurigadl/ownCloud/maestria/semestre5b/pec2/paquete/missing autoconf'
AUTOHEADER='${SHELL} /home/aurigadl/ownCloud/maestria/semestre5b/pec2/paquete/missing autoheader'
AUTOMAKE='${SHELL} /home/aurigadl/ownCloud/maestria/semestre5b/pec2/paquete/missing automake-1.14'
AWK='gawk'
CC='gcc'
CCDEPMODE='depmode=gcc3'
CFLAGS='-g -O2'
CPP='gcc -E'
CPPFLAGS=''
CYGPATH_W='echo'
DEFS='-DHAVE_CONFIG_H'
DEPDIR='.deps'
ECHO_C=''
ECHO_N='-n'
ECHO_T=''
EGREP='/bin/grep -E'
EXEEXT=''
GREP='/bin/grep'
INSTALL_DATA='${INSTALL} -m 644'
INSTALL_PROGRAM='${INSTALL}'
INSTALL_SCRIPT='${INSTALL}'
INSTALL_STRIP_PROGRAM='$(install_sh) -c -s'
LDFLAGS=''
LIBOBJS=''
LIBS=''
LTLIBOBJS=''
MAKEINFO='${SHELL} /home/aurigadl/ownCloud/maestria/semestre5b/pec2/paquete/missing makeinfo'
MKDIR_P='/bin/mkdir -p'
OBJEXT='o'
PACKAGE='testf'
PACKAGE_BUGREPORT='aurigadl@gmail.com'
PACKAGE_NAME='testf'
PACKAGE_STRING='testf 0.1'
PACKAGE_TARNAME='testf'
PACKAGE_URL=''
PACKAGE_VERSION='0.1'
PATH_SEPARATOR=':'
SET_MAKE=''
SHELL='/bin/bash'
STRIP=''
VERSION='0.1'
ac_ct_CC='gcc'
am__EXEEXT_FALSE=''
am__EXEEXT_TRUE='#'
am__fastdepCC_FALSE='#'
am__fastdepCC_TRUE=''
am__include='include'
am__isrc=''
am__leading_dot='.'
am__nodep='_no'
am__quote=''
am__tar='$${TAR-tar} chof - "$$tardir"'
am__untar='$${TAR-tar} xf -'
bindir='${exec_prefix}/bin'
build_alias=''
datadir='${datarootdir}'
datarootdir='${prefix}/share'
docdir='${datarootdir}/doc/${PACKAGE_TARNAME}'
dvidir='${docdir}'
exec_prefix='${prefix}'
host_alias=''
htmldir='${docdir}'
includedir='${prefix}/include'
infodir='${datarootdir}/info'
install_sh='${SHELL} /home/aurigadl/ownCloud/maestria/semestre5b/pec2/paquete/install-sh'
libdir='${exec_prefix}/lib'
libexecdir='${exec_prefix}/libexec'
localedir='${datarootdir}/locale'
localstatedir='${prefix}/var'
mandir='${datarootdir}/man'
mkdir_p='$(MKDIR_P)'
oldincludedir='/usr/include'
pdfdir='${docdir}'
prefix='/usr/local'
program_transform_name='s,x,x,'
psdir='${docdir}'
sbindir='${exec_prefix}/sbin'
sharedstatedir='${prefix}/com'
sysconfdir='${prefix}/etc'
target_alias=''

## ----------- ##
## confdefs.h. ##
## ----------- ##

/* confdefs.h */
#define PACKAGE_NAME "testf"
#define PACKAGE_TARNAME "testf"
#define PACKAGE_VERSION "0.1"
#define PACKAGE_STRING "testf 0.1"
#define PACKAGE_BUGREPORT "aurigadl@gmail.com"
#define PACKAGE_URL ""
#define PACKAGE "testf"
#define VERSION "0.1"
#define STDC_HEADERS 1
#define HAVE_SYS_TYPES_H 1
#define HAVE_SYS_STAT_H 1
#define HAVE_STDLIB_H 1
#define HAVE_STRING_H 1
#define HAVE_MEMORY_H 1
#define HAVE_STRINGS_H 1
#define HAVE_INTTYPES_H 1
#define HAVE_STDINT_H 1
#define HAVE_UNISTD_H 1
#define HAVE_FCNTL_H 1
#define HAVE_STDLIB_H 1
#define HAVE_STRING_H 1
#define HAVE_UNISTD_H 1
#define HAVE_STDLIB_H 1
#define HAVE_MALLOC 1

configure: exit 0
